<?xml version="1.0" encoding="UTF-8"?>
<testng-results skipped="0" failed="0" total="2" passed="2">
  <reporter-output>
  </reporter-output>
  <suite name="Suite" duration-ms="53338" started-at="2018-11-03T08:23:05Z" finished-at="2018-11-03T08:23:58Z">
    <groups>
    </groups>
    <test name="Test" duration-ms="53338" started-at="2018-11-03T08:23:05Z" finished-at="2018-11-03T08:23:58Z">
      <class name="Academy.Login">
        <test-method status="PASS" signature="loginpage(java.lang.String, java.lang.String)[pri:0, instance:Academy.Login@193948d]" name="loginpage" duration-ms="26924" started-at="2018-11-03T13:53:05Z" data-provider="getData" finished-at="2018-11-03T13:53:32Z">
          <params>
            <param index="0">
              <value>
                <![CDATA[ftfdft]]>
              </value>
            </param>
            <param index="1">
              <value>
                <![CDATA[ahdgf]]>
              </value>
            </param>
          </params>
          <reporter-output>
          </reporter-output>
        </test-method> <!-- loginpage -->
        <test-method status="PASS" signature="loginpage(java.lang.String, java.lang.String)[pri:0, instance:Academy.Login@193948d]" name="loginpage" duration-ms="26350" started-at="2018-11-03T13:53:32Z" data-provider="getData" finished-at="2018-11-03T13:53:58Z">
          <params>
            <param index="0">
              <value>
                <![CDATA[ugygrf]]>
              </value>
            </param>
            <param index="1">
              <value>
                <![CDATA[jrgf]]>
              </value>
            </param>
          </params>
          <reporter-output>
          </reporter-output>
        </test-method> <!-- loginpage -->
      </class> <!-- Academy.Login -->
    </test> <!-- Test -->
  </suite> <!-- Suite -->
</testng-results>
